<?xml version="1.0" encoding="UTF-8"?>
<testsuite xmlns:xsi="http://www.w3.org/2001/XMLSchema-instance" xsi:noNamespaceSchemaLocation="https://maven.apache.org/surefire/maven-surefire-plugin/xsd/surefire-test-report-3.0.xsd" version="3.0" name="TestSuite" time="0.666" tests="3" errors="0" skipped="0" failures="0">
  <properties>
[...]
</properties>
  <testcase name="scenarioTest3" classname="ParallelTestNG" time="0.016">
    <system-out><![CDATA[ini adalah scenario test 2
ini adalah scenario test 3
ini adalah scenario test 1
Thread 2 : 26
Thread 3 : 27
Thread 1 : 25
]]></system-out>
    <system-err><![CDATA[SLF4J: Failed to load class "org.slf4j.impl.StaticLoggerBinder".
SLF4J: Defaulting to no-operation (NOP) logger implementation
SLF4J: See http://www.slf4j.org/codes.html#StaticLoggerBinder for further details.
]]></system-err>
  </testcase>
  <testcase name="scenarioTest2" classname="ParallelTestNG" time="0.018"/>
  <testcase name="scenarioTest1" classname="ParallelTestNG" time="0.018"/>
</testsuite>